<?xml version="1.0" encoding="UTF-8"?>
<!-- Generated by org.testng.reporters.JUnitXMLReporter -->
<testsuite hostname="DESKTOP-TAS29CJ" name="TestNG Features testing" tests="20" failures="2" timestamp="21 Jul 2019 06:28:57 GMT" time="174.847" errors="0">
  <testcase name="test5" time="0.013" classname="testing.Example1"/>
  <testcase name="testlogo" time="30.095" classname="testing.Example2">
    <failure type="org.openqa.selenium.NoSuchElementException" message="no such element: Unable to locate element: {&amp;quot;method&amp;quot;:&amp;quot;xpath&amp;quot;,&amp;quot;selector&amp;quot;:&amp;quot;//div[@class=&amp;apos;ddlv-a&amp;apos;]&amp;quot;}
  (Session info: chrome=75.0.3770.142)
  (Driver info: chromedriver=2.46.628402 (536cd7adbad73a3783fdc2cab92ab2ba7ec361e1),platform=Windows NT 10.0.17134 x86_64) (WARNING: The server did not provide any stacktrace information)
Command duration or timeout: 30.03 seconds
For documentation on this error, please visit: http://seleniumhq.org/exceptions/no_such_element.html
Build info: version: &amp;apos;2.53.1&amp;apos;, revision: &amp;apos;a36b8b1&amp;apos;, time: &amp;apos;2016-06-30 17:37:03&amp;apos;
System info: host: &amp;apos;DESKTOP-TAS29CJ&amp;apos;, ip: &amp;apos;192.168.1.106&amp;apos;, os.name: &amp;apos;Windows 10&amp;apos;, os.arch: &amp;apos;amd64&amp;apos;, os.version: &amp;apos;10.0&amp;apos;, java.version: &amp;apos;1.8.0_151&amp;apos;
Driver info: org.openqa.selenium.chrome.ChromeDriver
Capabilities [{mobileEmulationEnabled=false, timeouts={implicit=0, pageLoad=300000, script=30000}, hasTouchScreen=false, platform=XP, acceptSslCerts=false, goog:chromeOptions={debuggerAddress=localhost:61286}, acceptInsecureCerts=false, webStorageEnabled=true, browserName=chrome, takesScreenshot=true, javascriptEnabled=true, setWindowRect=true, unexpectedAlertBehaviour=ignore, applicationCacheEnabled=false, rotatable=false, networkConnectionEnabled=false, chrome={chromedriverVersion=2.46.628402 (536cd7adbad73a3783fdc2cab92ab2ba7ec361e1), userDataDir=C:\Users\admin\AppData\Local\Temp\scoped_dir12700_21100}, takesHeapSnapshot=true, pageLoadStrategy=normal, strictFileInteractability=false, databaseEnabled=false, handlesAlerts=true, version=75.0.3770.142, browserConnectionEnabled=false, proxy={}, nativeEvents=true, locationContextEnabled=true, cssSelectorsEnabled=true}]
Session ID: 9916f5c2b9d514e40b21f884936a006a
*** Element info: {Using=xpath, value=//div[@class=&amp;apos;ddlv-a&amp;apos;]}">
      <![CDATA[org.openqa.selenium.NoSuchElementException: no such element: Unable to locate element: {"method":"xpath","selector":"//div[@class='ddlv-a']"}
  (Session info: chrome=75.0.3770.142)
  (Driver info: chromedriver=2.46.628402 (536cd7adbad73a3783fdc2cab92ab2ba7ec361e1),platform=Windows NT 10.0.17134 x86_64) (WARNING: The server did not provide any stacktrace information)
Command duration or timeout: 30.03 seconds
For documentation on this error, please visit: http://seleniumhq.org/exceptions/no_such_element.html
Build info: version: '2.53.1', revision: 'a36b8b1', time: '2016-06-30 17:37:03'
System info: host: 'DESKTOP-TAS29CJ', ip: '192.168.1.106', os.name: 'Windows 10', os.arch: 'amd64', os.version: '10.0', java.version: '1.8.0_151'
Driver info: org.openqa.selenium.chrome.ChromeDriver
Capabilities [{mobileEmulationEnabled=false, timeouts={implicit=0, pageLoad=300000, script=30000}, hasTouchScreen=false, platform=XP, acceptSslCerts=false, goog:chromeOptions={debuggerAddress=localhost:61286}, acceptInsecureCerts=false, webStorageEnabled=true, browserName=chrome, takesScreenshot=true, javascriptEnabled=true, setWindowRect=true, unexpectedAlertBehaviour=ignore, applicationCacheEnabled=false, rotatable=false, networkConnectionEnabled=false, chrome={chromedriverVersion=2.46.628402 (536cd7adbad73a3783fdc2cab92ab2ba7ec361e1), userDataDir=C:\Users\admin\AppData\Local\Temp\scoped_dir12700_21100}, takesHeapSnapshot=true, pageLoadStrategy=normal, strictFileInteractability=false, databaseEnabled=false, handlesAlerts=true, version=75.0.3770.142, browserConnectionEnabled=false, proxy={}, nativeEvents=true, locationContextEnabled=true, cssSelectorsEnabled=true}]
Session ID: 9916f5c2b9d514e40b21f884936a006a
*** Element info: {Using=xpath, value=//div[@class='ddlv-a']}
	at org.openqa.selenium.remote.ErrorHandler.createThrowable(ErrorHandler.java:206)
	at org.openqa.selenium.remote.ErrorHandler.throwIfResponseFailed(ErrorHandler.java:158)
	at org.openqa.selenium.remote.RemoteWebDriver.execute(RemoteWebDriver.java:678)
	at org.openqa.selenium.remote.RemoteWebDriver.findElement(RemoteWebDriver.java:363)
	at org.openqa.selenium.remote.RemoteWebDriver.findElementByXPath(RemoteWebDriver.java:500)
	at org.openqa.selenium.By$ByXPath.findElement(By.java:361)
	at org.openqa.selenium.remote.RemoteWebDriver.findElement(RemoteWebDriver.java:355)
	at testing.Example2.testlogo(Example2.java:34)
... Removed 28 stack frames]]>
    </failure>
  </testcase> <!-- testlogo -->
  <testcase name="testcontent" time="0.066" classname="testing.Example2"/>
  <testcase name="testtitle" time="0.028" classname="testing.Example2"/>
  <testcase name="googlesearch" time="0.002" classname="testing.Example3">
    <failure type="java.lang.ArithmeticException" message="/ by zero">
      <![CDATA[java.lang.ArithmeticException: / by zero
	at testing.Example3.googlesearch(Example3.java:10)
... Removed 24 stack frames]]>
    </failure>
  </testcase> <!-- googlesearch -->
  <testcase name="googlelogin" time="0.0" classname="testing.Example3">
    <skipped/>
  </testcase> <!-- googlelogin -->
  <testcase name="googlelogout" time="0.0" classname="testing.Example3">
    <skipped/>
  </testcase> <!-- googlelogout -->
  <testcase name="login" time="6.331" classname="testing.Example4"/>
  <testcase name="login" time="6.892" classname="testing.Example4"/>
  <testcase name="login" time="7.966" classname="testing.Example4"/>
  <testcase name="login" time="6.751" classname="testing.Example4"/>
  <testcase name="login" time="8.043" classname="testing.Example4"/>
  <testcase name="login" time="8.211" classname="testing.Example4"/>
  <testcase name="login" time="7.956" classname="testing.Example4"/>
  <testcase name="login" time="10.919" classname="testing.Example4"/>
  <testcase name="login" time="9.995" classname="testing.Example4"/>
  <testcase name="login" time="9.351" classname="testing.Example4"/>
  <testcase name="linktest" time="0.111" classname="testing.Example5"/>
  <testcase name="logintest" time="0.023" classname="testing.Example5"/>
  <testcase name="logotest" time="0.102" classname="testing.Example5"/>
</testsuite> <!-- TestNG Features testing -->
